-- The C compiler identification is GNU 11.3.0
-- The CXX compiler identification is GNU 11.3.0
-- Detecting C compiler ABI info
-- Detecting C compiler ABI info - done
-- Check for working C compiler: /usr/bin/cc - skipped
-- Detecting C compile features
-- Detecting C compile features - done
-- Detecting CXX compiler ABI info
-- Detecting CXX compiler ABI info - done
-- Check for working CXX compiler: /usr/bin/c++ - skipped
-- Detecting CXX compile features
-- Detecting CXX compile features - done
-- Found ament_cmake: 1.3.3 (/opt/ros/humble/share/ament_cmake/cmake)
-- Found Python3: /usr/bin/python3.10 (found version "3.10.6") found components: Interpreter 
-- Found ament_lint_auto: 0.12.5 (/opt/ros/humble/share/ament_lint_auto/cmake)
-- Added test 'cppcheck' to perform static code analysis on C / C++ code
-- Configured cppcheck include dirs: 
-- Configured cppcheck exclude dirs and/or files: 
-- Added test 'flake8' to check Python code syntax and style conventions
-- Added test 'lint_cmake' to check CMake code style
-- Added test 'pep257' to check Python code against some of the docstring style conventions in PEP 257
-- Added test 'uncrustify' to check C / C++ code style
-- Configured uncrustify additional arguments: 
-- Added test 'xmllint' to check XML markup files
-- Configuring done
-- Generating done
-- Build files have been written to: /root/neobotix_workspace/src/sush_mapping/build/sush_mapping
-- Install configuration: ""
-- Installing: /root/neobotix_workspace/src/sush_mapping/install/sush_mapping/share/sush_mapping/launch
-- Installing: /root/neobotix_workspace/src/sush_mapping/install/sush_mapping/share/sush_mapping/launch/online_async_launch.py
-- Installing: /root/neobotix_workspace/src/sush_mapping/install/sush_mapping/share/ament_index/resource_index/package_run_dependencies/sush_mapping
-- Installing: /root/neobotix_workspace/src/sush_mapping/install/sush_mapping/share/ament_index/resource_index/parent_prefix_path/sush_mapping
-- Installing: /root/neobotix_workspace/src/sush_mapping/install/sush_mapping/share/sush_mapping/environment/ament_prefix_path.sh
-- Installing: /root/neobotix_workspace/src/sush_mapping/install/sush_mapping/share/sush_mapping/environment/ament_prefix_path.dsv
-- Installing: /root/neobotix_workspace/src/sush_mapping/install/sush_mapping/share/sush_mapping/environment/path.sh
-- Installing: /root/neobotix_workspace/src/sush_mapping/install/sush_mapping/share/sush_mapping/environment/path.dsv
-- Installing: /root/neobotix_workspace/src/sush_mapping/install/sush_mapping/share/sush_mapping/local_setup.bash
-- Installing: /root/neobotix_workspace/src/sush_mapping/install/sush_mapping/share/sush_mapping/local_setup.sh
-- Installing: /root/neobotix_workspace/src/sush_mapping/install/sush_mapping/share/sush_mapping/local_setup.zsh
-- Installing: /root/neobotix_workspace/src/sush_mapping/install/sush_mapping/share/sush_mapping/local_setup.dsv
-- Installing: /root/neobotix_workspace/src/sush_mapping/install/sush_mapping/share/sush_mapping/package.dsv
-- Installing: /root/neobotix_workspace/src/sush_mapping/install/sush_mapping/share/ament_index/resource_index/packages/sush_mapping
-- Installing: /root/neobotix_workspace/src/sush_mapping/install/sush_mapping/share/sush_mapping/cmake/sush_mappingConfig.cmake
-- Installing: /root/neobotix_workspace/src/sush_mapping/install/sush_mapping/share/sush_mapping/cmake/sush_mappingConfig-version.cmake
-- Installing: /root/neobotix_workspace/src/sush_mapping/install/sush_mapping/share/sush_mapping/package.xml
