[0.010s] Invoking command in '/root/neobotix_workspace/src/sush_mapping/build/sush_mapping': CMAKE_PREFIX_PATH=${CMAKE_PREFIX_PATH}:/opt/ros/humble /usr/bin/cmake /root/neobotix_workspace/src/sush_mapping -DCMAKE_INSTALL_PREFIX=/root/neobotix_workspace/src/sush_mapping/install/sush_mapping
[0.059s] -- The C compiler identification is GNU 11.3.0
[0.109s] -- The CXX compiler identification is GNU 11.3.0
[0.114s] -- Detecting C compiler ABI info
[0.161s] -- Detecting C compiler ABI info - done
[0.166s] -- Check for working C compiler: /usr/bin/cc - skipped
[0.166s] -- Detecting C compile features
[0.167s] -- Detecting C compile features - done
[0.169s] -- Detecting CXX compiler ABI info
[0.221s] -- Detecting CXX compiler ABI info - done
[0.227s] -- Check for working CXX compiler: /usr/bin/c++ - skipped
[0.227s] -- Detecting CXX compile features
[0.228s] -- Detecting CXX compile features - done
[0.231s] -- Found ament_cmake: 1.3.3 (/opt/ros/humble/share/ament_cmake/cmake)
[0.331s] -- Found Python3: /usr/bin/python3.10 (found version "3.10.6") found components: Interpreter 
[0.404s] -- Found ament_lint_auto: 0.12.5 (/opt/ros/humble/share/ament_lint_auto/cmake)
[0.464s] -- Added test 'cppcheck' to perform static code analysis on C / C++ code
[0.464s] -- Configured cppcheck include dirs: 
[0.464s] -- Configured cppcheck exclude dirs and/or files: 
[0.464s] -- Added test 'flake8' to check Python code syntax and style conventions
[0.466s] -- Added test 'lint_cmake' to check CMake code style
[0.466s] -- Added test 'pep257' to check Python code against some of the docstring style conventions in PEP 257
[0.469s] -- Added test 'uncrustify' to check C / C++ code style
[0.469s] -- Configured uncrustify additional arguments: 
[0.469s] -- Added test 'xmllint' to check XML markup files
[0.470s] -- Configuring done
[0.472s] -- Generating done
[0.473s] -- Build files have been written to: /root/neobotix_workspace/src/sush_mapping/build/sush_mapping
[0.476s] Invoked command in '/root/neobotix_workspace/src/sush_mapping/build/sush_mapping' returned '0': CMAKE_PREFIX_PATH=${CMAKE_PREFIX_PATH}:/opt/ros/humble /usr/bin/cmake /root/neobotix_workspace/src/sush_mapping -DCMAKE_INSTALL_PREFIX=/root/neobotix_workspace/src/sush_mapping/install/sush_mapping
[0.477s] Invoking command in '/root/neobotix_workspace/src/sush_mapping/build/sush_mapping': CMAKE_PREFIX_PATH=${CMAKE_PREFIX_PATH}:/opt/ros/humble /usr/bin/cmake --build /root/neobotix_workspace/src/sush_mapping/build/sush_mapping -- -j16 -l16
[0.504s] Invoked command in '/root/neobotix_workspace/src/sush_mapping/build/sush_mapping' returned '0': CMAKE_PREFIX_PATH=${CMAKE_PREFIX_PATH}:/opt/ros/humble /usr/bin/cmake --build /root/neobotix_workspace/src/sush_mapping/build/sush_mapping -- -j16 -l16
[0.545s] Invoking command in '/root/neobotix_workspace/src/sush_mapping/build/sush_mapping': CMAKE_PREFIX_PATH=${CMAKE_PREFIX_PATH}:/opt/ros/humble /usr/bin/cmake --install /root/neobotix_workspace/src/sush_mapping/build/sush_mapping
[0.551s] -- Install configuration: ""
[0.551s] -- Installing: /root/neobotix_workspace/src/sush_mapping/install/sush_mapping/share/sush_mapping/launch
[0.551s] -- Installing: /root/neobotix_workspace/src/sush_mapping/install/sush_mapping/share/sush_mapping/launch/online_async_launch.py
[0.551s] -- Installing: /root/neobotix_workspace/src/sush_mapping/install/sush_mapping/share/ament_index/resource_index/package_run_dependencies/sush_mapping
[0.552s] -- Installing: /root/neobotix_workspace/src/sush_mapping/install/sush_mapping/share/ament_index/resource_index/parent_prefix_path/sush_mapping
[0.552s] -- Installing: /root/neobotix_workspace/src/sush_mapping/install/sush_mapping/share/sush_mapping/environment/ament_prefix_path.sh
[0.552s] -- Installing: /root/neobotix_workspace/src/sush_mapping/install/sush_mapping/share/sush_mapping/environment/ament_prefix_path.dsv
[0.552s] -- Installing: /root/neobotix_workspace/src/sush_mapping/install/sush_mapping/share/sush_mapping/environment/path.sh
[0.552s] -- Installing: /root/neobotix_workspace/src/sush_mapping/install/sush_mapping/share/sush_mapping/environment/path.dsv
[0.552s] -- Installing: /root/neobotix_workspace/src/sush_mapping/install/sush_mapping/share/sush_mapping/local_setup.bash
[0.552s] -- Installing: /root/neobotix_workspace/src/sush_mapping/install/sush_mapping/share/sush_mapping/local_setup.sh
[0.552s] -- Installing: /root/neobotix_workspace/src/sush_mapping/install/sush_mapping/share/sush_mapping/local_setup.zsh
[0.552s] -- Installing: /root/neobotix_workspace/src/sush_mapping/install/sush_mapping/share/sush_mapping/local_setup.dsv
[0.552s] -- Installing: /root/neobotix_workspace/src/sush_mapping/install/sush_mapping/share/sush_mapping/package.dsv
[0.552s] -- Installing: /root/neobotix_workspace/src/sush_mapping/install/sush_mapping/share/ament_index/resource_index/packages/sush_mapping
[0.552s] -- Installing: /root/neobotix_workspace/src/sush_mapping/install/sush_mapping/share/sush_mapping/cmake/sush_mappingConfig.cmake
[0.553s] -- Installing: /root/neobotix_workspace/src/sush_mapping/install/sush_mapping/share/sush_mapping/cmake/sush_mappingConfig-version.cmake
[0.553s] -- Installing: /root/neobotix_workspace/src/sush_mapping/install/sush_mapping/share/sush_mapping/package.xml
[0.553s] Invoked command in '/root/neobotix_workspace/src/sush_mapping/build/sush_mapping' returned '0': CMAKE_PREFIX_PATH=${CMAKE_PREFIX_PATH}:/opt/ros/humble /usr/bin/cmake --install /root/neobotix_workspace/src/sush_mapping/build/sush_mapping
