[0.020s] Invoking command in '/root/neobotix_workspace/src/sush_mapping/build/sush_mapping': CMAKE_PREFIX_PATH=${CMAKE_PREFIX_PATH}:/opt/ros/humble /usr/bin/cmake --build /root/neobotix_workspace/src/sush_mapping/build/sush_mapping -- -j16 -l16
[0.046s] -- Found ament_cmake: 1.3.3 (/opt/ros/humble/share/ament_cmake/cmake)
[0.151s] -- Found ament_lint_auto: 0.12.5 (/opt/ros/humble/share/ament_lint_auto/cmake)
[0.210s] -- Added test 'cppcheck' to perform static code analysis on C / C++ code
[0.210s] -- Configured cppcheck include dirs: 
[0.210s] -- Configured cppcheck exclude dirs and/or files: 
[0.212s] -- Added test 'flake8' to check Python code syntax and style conventions
[0.214s] -- Added test 'lint_cmake' to check CMake code style
[0.215s] -- Added test 'pep257' to check Python code against some of the docstring style conventions in PEP 257
[0.220s] -- Added test 'uncrustify' to check C / C++ code style
[0.220s] -- Configured uncrustify additional arguments: 
[0.220s] -- Added test 'xmllint' to check XML markup files
[0.221s] -- Configuring done
[0.225s] -- Generating done
[0.225s] -- Build files have been written to: /root/neobotix_workspace/src/sush_mapping/build/sush_mapping
[0.240s] Invoked command in '/root/neobotix_workspace/src/sush_mapping/build/sush_mapping' returned '0': CMAKE_PREFIX_PATH=${CMAKE_PREFIX_PATH}:/opt/ros/humble /usr/bin/cmake --build /root/neobotix_workspace/src/sush_mapping/build/sush_mapping -- -j16 -l16
[0.262s] Invoking command in '/root/neobotix_workspace/src/sush_mapping/build/sush_mapping': CMAKE_PREFIX_PATH=${CMAKE_PREFIX_PATH}:/opt/ros/humble /usr/bin/cmake --install /root/neobotix_workspace/src/sush_mapping/build/sush_mapping
[0.267s] -- Install configuration: ""
[0.268s] -- Up-to-date: /root/neobotix_workspace/src/sush_mapping/install/sush_mapping/share/sush_mapping/launch
[0.268s] -- Up-to-date: /root/neobotix_workspace/src/sush_mapping/install/sush_mapping/share/sush_mapping/launch/online_async_launch.py
[0.268s] -- Installing: /root/neobotix_workspace/src/sush_mapping/install/sush_mapping/share/sush_mapping/config
[0.268s] -- Installing: /root/neobotix_workspace/src/sush_mapping/install/sush_mapping/share/sush_mapping/config/mapper_params_online_async.yaml
[0.268s] -- Up-to-date: /root/neobotix_workspace/src/sush_mapping/install/sush_mapping/share/ament_index/resource_index/package_run_dependencies/sush_mapping
[0.268s] -- Installing: /root/neobotix_workspace/src/sush_mapping/install/sush_mapping/share/ament_index/resource_index/parent_prefix_path/sush_mapping
[0.268s] -- Up-to-date: /root/neobotix_workspace/src/sush_mapping/install/sush_mapping/share/sush_mapping/environment/ament_prefix_path.sh
[0.268s] -- Installing: /root/neobotix_workspace/src/sush_mapping/install/sush_mapping/share/sush_mapping/environment/ament_prefix_path.dsv
[0.268s] -- Up-to-date: /root/neobotix_workspace/src/sush_mapping/install/sush_mapping/share/sush_mapping/environment/path.sh
[0.268s] -- Installing: /root/neobotix_workspace/src/sush_mapping/install/sush_mapping/share/sush_mapping/environment/path.dsv
[0.268s] -- Up-to-date: /root/neobotix_workspace/src/sush_mapping/install/sush_mapping/share/sush_mapping/local_setup.bash
[0.268s] -- Up-to-date: /root/neobotix_workspace/src/sush_mapping/install/sush_mapping/share/sush_mapping/local_setup.sh
[0.268s] -- Up-to-date: /root/neobotix_workspace/src/sush_mapping/install/sush_mapping/share/sush_mapping/local_setup.zsh
[0.269s] -- Installing: /root/neobotix_workspace/src/sush_mapping/install/sush_mapping/share/sush_mapping/local_setup.dsv
[0.269s] -- Installing: /root/neobotix_workspace/src/sush_mapping/install/sush_mapping/share/sush_mapping/package.dsv
[0.269s] -- Up-to-date: /root/neobotix_workspace/src/sush_mapping/install/sush_mapping/share/ament_index/resource_index/packages/sush_mapping
[0.269s] -- Up-to-date: /root/neobotix_workspace/src/sush_mapping/install/sush_mapping/share/sush_mapping/cmake/sush_mappingConfig.cmake
[0.269s] -- Up-to-date: /root/neobotix_workspace/src/sush_mapping/install/sush_mapping/share/sush_mapping/cmake/sush_mappingConfig-version.cmake
[0.269s] -- Up-to-date: /root/neobotix_workspace/src/sush_mapping/install/sush_mapping/share/sush_mapping/package.xml
[0.272s] Invoked command in '/root/neobotix_workspace/src/sush_mapping/build/sush_mapping' returned '0': CMAKE_PREFIX_PATH=${CMAKE_PREFIX_PATH}:/opt/ros/humble /usr/bin/cmake --install /root/neobotix_workspace/src/sush_mapping/build/sush_mapping
