[0.197s] DEBUG:colcon:Command line arguments: ['/usr/bin/colcon', 'build']
[0.197s] DEBUG:colcon:Parsed command line arguments: Namespace(log_base=None, log_level=None, verb_name='build', build_base='build', install_base='install', merge_install=False, symlink_install=False, test_result_base=None, continue_on_error=False, executor='parallel', parallel_workers=16, event_handlers=None, ignore_user_meta=False, metas=['./colcon.meta'], base_paths=['.'], packages_ignore=None, packages_ignore_regex=None, paths=None, packages_up_to=None, packages_up_to_regex=None, packages_above=None, packages_above_and_dependencies=None, packages_above_depth=None, packages_select_by_dep=None, packages_skip_by_dep=None, packages_skip_up_to=None, packages_select_build_failed=False, packages_skip_build_finished=False, packages_select_test_failures=False, packages_skip_test_passed=False, packages_select=None, packages_skip=None, packages_select_regex=None, packages_skip_regex=None, packages_start=None, packages_end=None, cmake_args=None, cmake_target=None, cmake_target_skip_unavailable=False, cmake_clean_cache=False, cmake_clean_first=False, cmake_force_configure=False, ament_cmake_args=None, catkin_cmake_args=None, catkin_skip_building_tests=False, mixin_files=None, mixin=None, verb_parser=<colcon_mixin.mixin.mixin_argument.MixinArgumentDecorator object at 0x7f24467cd420>, verb_extension=<colcon_core.verb.build.BuildVerb object at 0x7f2446fd5cf0>, main=<bound method BuildVerb.main of <colcon_core.verb.build.BuildVerb object at 0x7f2446fd5cf0>>, mixin_verb=('build',))
[0.219s] Level 1:colcon.colcon_core.package_discovery:discover_packages(colcon_meta) check parameters
[0.219s] INFO:colcon.colcon_metadata.package_discovery.colcon_meta:Using configuration from '/root/.colcon/metadata/default/Gazebo.meta'
[0.220s] INFO:colcon.colcon_metadata.package_discovery.colcon_meta:Using configuration from '/root/.colcon/metadata/default/fastrtps.meta'
[0.220s] Level 1:colcon.colcon_core.package_discovery:discover_packages(recursive) check parameters
[0.220s] Level 1:colcon.colcon_core.package_discovery:discover_packages(ignore) check parameters
[0.220s] Level 1:colcon.colcon_core.package_discovery:discover_packages(path) check parameters
[0.220s] Level 1:colcon.colcon_core.package_discovery:discover_packages(colcon_meta) discover
[0.220s] Level 1:colcon.colcon_core.package_discovery:discover_packages(recursive) discover
[0.220s] INFO:colcon.colcon_core.package_discovery:Crawling recursively for packages in '/root/neobotix_workspace/src/sush_mapping'
[0.220s] Level 1:colcon.colcon_core.package_identification:_identify(.) by extensions ['ignore', 'ignore_ament_install']
[0.220s] Level 1:colcon.colcon_core.package_identification:_identify(.) by extension 'ignore'
[0.220s] Level 1:colcon.colcon_core.package_identification:_identify(.) by extension 'ignore_ament_install'
[0.220s] Level 1:colcon.colcon_core.package_identification:_identify(.) by extensions ['colcon_pkg']
[0.220s] Level 1:colcon.colcon_core.package_identification:_identify(.) by extension 'colcon_pkg'
[0.220s] Level 1:colcon.colcon_core.package_identification:_identify(.) by extensions ['colcon_meta']
[0.220s] Level 1:colcon.colcon_core.package_identification:_identify(.) by extension 'colcon_meta'
[0.220s] Level 1:colcon.colcon_core.package_identification:_identify(.) by extensions ['ros']
[0.220s] Level 1:colcon.colcon_core.package_identification:_identify(.) by extension 'ros'
[0.234s] DEBUG:colcon.colcon_core.package_identification:Package '.' with type 'ros.ament_cmake' and name 'sush_mapping'
[0.234s] Level 1:colcon.colcon_core.package_discovery:discover_packages(recursive) using defaults
[0.234s] Level 1:colcon.colcon_core.package_discovery:discover_packages(ignore) discover
[0.234s] Level 1:colcon.colcon_core.package_discovery:discover_packages(ignore) using defaults
[0.234s] Level 1:colcon.colcon_core.package_discovery:discover_packages(path) discover
[0.234s] Level 1:colcon.colcon_core.package_discovery:discover_packages(path) using defaults
[0.254s] Level 5:colcon.colcon_core.verb:set package 'sush_mapping' build argument 'cmake_args' from command line to 'None'
[0.254s] Level 5:colcon.colcon_core.verb:set package 'sush_mapping' build argument 'cmake_target' from command line to 'None'
[0.254s] Level 5:colcon.colcon_core.verb:set package 'sush_mapping' build argument 'cmake_target_skip_unavailable' from command line to 'False'
[0.254s] Level 5:colcon.colcon_core.verb:set package 'sush_mapping' build argument 'cmake_clean_cache' from command line to 'False'
[0.254s] Level 5:colcon.colcon_core.verb:set package 'sush_mapping' build argument 'cmake_clean_first' from command line to 'False'
[0.254s] Level 5:colcon.colcon_core.verb:set package 'sush_mapping' build argument 'cmake_force_configure' from command line to 'False'
[0.254s] Level 5:colcon.colcon_core.verb:set package 'sush_mapping' build argument 'ament_cmake_args' from command line to 'None'
[0.254s] Level 5:colcon.colcon_core.verb:set package 'sush_mapping' build argument 'catkin_cmake_args' from command line to 'None'
[0.254s] Level 5:colcon.colcon_core.verb:set package 'sush_mapping' build argument 'catkin_skip_building_tests' from command line to 'False'
[0.254s] DEBUG:colcon.colcon_core.verb:Building package 'sush_mapping' with the following arguments: {'ament_cmake_args': None, 'build_base': '/root/neobotix_workspace/src/sush_mapping/build/sush_mapping', 'catkin_cmake_args': None, 'catkin_skip_building_tests': False, 'cmake_args': None, 'cmake_clean_cache': False, 'cmake_clean_first': False, 'cmake_force_configure': False, 'cmake_target': None, 'cmake_target_skip_unavailable': False, 'install_base': '/root/neobotix_workspace/src/sush_mapping/install/sush_mapping', 'merge_install': False, 'path': '/root/neobotix_workspace/src/sush_mapping', 'symlink_install': False, 'test_result_base': None}
[0.254s] INFO:colcon.colcon_core.executor:Executing jobs using 'parallel' executor
[0.256s] DEBUG:colcon.colcon_parallel_executor.executor.parallel:run_until_complete
[0.256s] INFO:colcon.colcon_ros.task.ament_cmake.build:Building ROS package in '/root/neobotix_workspace/src/sush_mapping' with build type 'ament_cmake'
[0.256s] INFO:colcon.colcon_cmake.task.cmake.build:Building CMake package in '/root/neobotix_workspace/src/sush_mapping'
[0.260s] INFO:colcon.colcon_core.plugin_system:Skipping extension 'colcon_core.shell.bat': Not used on non-Windows systems
[0.260s] INFO:colcon.colcon_core.shell:Skip shell extension 'powershell' for command environment: Not usable outside of PowerShell
[0.260s] DEBUG:colcon.colcon_core.shell:Skip shell extension 'dsv' for command environment
[0.267s] DEBUG:colcon.colcon_core.event_handler.log_command:Invoking command in '/root/neobotix_workspace/src/sush_mapping/build/sush_mapping': CMAKE_PREFIX_PATH=${CMAKE_PREFIX_PATH}:/opt/ros/humble /usr/bin/cmake /root/neobotix_workspace/src/sush_mapping -DCMAKE_INSTALL_PREFIX=/root/neobotix_workspace/src/sush_mapping/install/sush_mapping
[0.732s] DEBUG:colcon.colcon_core.event_handler.log_command:Invoked command in '/root/neobotix_workspace/src/sush_mapping/build/sush_mapping' returned '0': CMAKE_PREFIX_PATH=${CMAKE_PREFIX_PATH}:/opt/ros/humble /usr/bin/cmake /root/neobotix_workspace/src/sush_mapping -DCMAKE_INSTALL_PREFIX=/root/neobotix_workspace/src/sush_mapping/install/sush_mapping
[0.734s] DEBUG:colcon.colcon_core.event_handler.log_command:Invoking command in '/root/neobotix_workspace/src/sush_mapping/build/sush_mapping': CMAKE_PREFIX_PATH=${CMAKE_PREFIX_PATH}:/opt/ros/humble /usr/bin/cmake --build /root/neobotix_workspace/src/sush_mapping/build/sush_mapping -- -j16 -l16
[0.761s] DEBUG:colcon.colcon_core.event_handler.log_command:Invoked command in '/root/neobotix_workspace/src/sush_mapping/build/sush_mapping' returned '0': CMAKE_PREFIX_PATH=${CMAKE_PREFIX_PATH}:/opt/ros/humble /usr/bin/cmake --build /root/neobotix_workspace/src/sush_mapping/build/sush_mapping -- -j16 -l16
[0.802s] DEBUG:colcon.colcon_core.event_handler.log_command:Invoking command in '/root/neobotix_workspace/src/sush_mapping/build/sush_mapping': CMAKE_PREFIX_PATH=${CMAKE_PREFIX_PATH}:/opt/ros/humble /usr/bin/cmake --install /root/neobotix_workspace/src/sush_mapping/build/sush_mapping
[0.810s] Level 1:colcon.colcon_core.environment:create_environment_scripts_only(sush_mapping)
[0.810s] DEBUG:colcon.colcon_core.event_handler.log_command:Invoked command in '/root/neobotix_workspace/src/sush_mapping/build/sush_mapping' returned '0': CMAKE_PREFIX_PATH=${CMAKE_PREFIX_PATH}:/opt/ros/humble /usr/bin/cmake --install /root/neobotix_workspace/src/sush_mapping/build/sush_mapping
[0.815s] Level 1:colcon.colcon_core.environment:checking '/root/neobotix_workspace/src/sush_mapping/install/sush_mapping' for CMake module files
[0.815s] Level 1:colcon.colcon_core.environment:checking '/root/neobotix_workspace/src/sush_mapping/install/sush_mapping' for CMake config files
[0.815s] Level 1:colcon.colcon_core.shell:create_environment_hook('sush_mapping', 'cmake_prefix_path')
[0.817s] INFO:colcon.colcon_core.shell:Creating environment hook '/root/neobotix_workspace/src/sush_mapping/install/sush_mapping/share/sush_mapping/hook/cmake_prefix_path.ps1'
[0.817s] INFO:colcon.colcon_core.shell:Creating environment descriptor '/root/neobotix_workspace/src/sush_mapping/install/sush_mapping/share/sush_mapping/hook/cmake_prefix_path.dsv'
[0.818s] INFO:colcon.colcon_core.shell:Creating environment hook '/root/neobotix_workspace/src/sush_mapping/install/sush_mapping/share/sush_mapping/hook/cmake_prefix_path.sh'
[0.819s] Level 1:colcon.colcon_core.environment:checking '/root/neobotix_workspace/src/sush_mapping/install/sush_mapping/bin'
[0.819s] Level 1:colcon.colcon_core.environment:checking '/root/neobotix_workspace/src/sush_mapping/install/sush_mapping/lib/pkgconfig/sush_mapping.pc'
[0.821s] Level 1:colcon.colcon_core.environment:checking '/root/neobotix_workspace/src/sush_mapping/install/sush_mapping/lib/python3.10/site-packages'
[0.821s] Level 1:colcon.colcon_core.environment:checking '/root/neobotix_workspace/src/sush_mapping/install/sush_mapping/bin'
[0.823s] INFO:colcon.colcon_core.shell:Creating package script '/root/neobotix_workspace/src/sush_mapping/install/sush_mapping/share/sush_mapping/package.ps1'
[0.824s] INFO:colcon.colcon_core.shell:Creating package descriptor '/root/neobotix_workspace/src/sush_mapping/install/sush_mapping/share/sush_mapping/package.dsv'
[0.825s] INFO:colcon.colcon_core.shell:Creating package script '/root/neobotix_workspace/src/sush_mapping/install/sush_mapping/share/sush_mapping/package.sh'
[0.825s] INFO:colcon.colcon_core.shell:Creating package script '/root/neobotix_workspace/src/sush_mapping/install/sush_mapping/share/sush_mapping/package.bash'
[0.826s] INFO:colcon.colcon_core.shell:Creating package script '/root/neobotix_workspace/src/sush_mapping/install/sush_mapping/share/sush_mapping/package.zsh'
[0.826s] Level 1:colcon.colcon_core.environment:create_file_with_runtime_dependencies(/root/neobotix_workspace/src/sush_mapping/install/sush_mapping/share/colcon-core/packages/sush_mapping)
[0.854s] Level 1:colcon.colcon_core.environment:create_environment_scripts_only(sush_mapping)
[0.858s] Level 1:colcon.colcon_core.environment:checking '/root/neobotix_workspace/src/sush_mapping/install/sush_mapping' for CMake module files
[0.859s] Level 1:colcon.colcon_core.environment:checking '/root/neobotix_workspace/src/sush_mapping/install/sush_mapping' for CMake config files
[0.859s] Level 1:colcon.colcon_core.shell:create_environment_hook('sush_mapping', 'cmake_prefix_path')
[0.861s] INFO:colcon.colcon_core.shell:Creating environment hook '/root/neobotix_workspace/src/sush_mapping/install/sush_mapping/share/sush_mapping/hook/cmake_prefix_path.ps1'
[0.862s] INFO:colcon.colcon_core.shell:Creating environment descriptor '/root/neobotix_workspace/src/sush_mapping/install/sush_mapping/share/sush_mapping/hook/cmake_prefix_path.dsv'
[0.862s] INFO:colcon.colcon_core.shell:Creating environment hook '/root/neobotix_workspace/src/sush_mapping/install/sush_mapping/share/sush_mapping/hook/cmake_prefix_path.sh'
[0.862s] Level 1:colcon.colcon_core.environment:checking '/root/neobotix_workspace/src/sush_mapping/install/sush_mapping/bin'
[0.863s] Level 1:colcon.colcon_core.environment:checking '/root/neobotix_workspace/src/sush_mapping/install/sush_mapping/lib/pkgconfig/sush_mapping.pc'
[0.863s] Level 1:colcon.colcon_core.environment:checking '/root/neobotix_workspace/src/sush_mapping/install/sush_mapping/lib/python3.10/site-packages'
[0.863s] Level 1:colcon.colcon_core.environment:checking '/root/neobotix_workspace/src/sush_mapping/install/sush_mapping/bin'
[0.864s] INFO:colcon.colcon_core.shell:Creating package script '/root/neobotix_workspace/src/sush_mapping/install/sush_mapping/share/sush_mapping/package.ps1'
[0.865s] INFO:colcon.colcon_core.shell:Creating package descriptor '/root/neobotix_workspace/src/sush_mapping/install/sush_mapping/share/sush_mapping/package.dsv'
[0.865s] INFO:colcon.colcon_core.shell:Creating package script '/root/neobotix_workspace/src/sush_mapping/install/sush_mapping/share/sush_mapping/package.sh'
[0.865s] INFO:colcon.colcon_core.shell:Creating package script '/root/neobotix_workspace/src/sush_mapping/install/sush_mapping/share/sush_mapping/package.bash'
[0.866s] INFO:colcon.colcon_core.shell:Creating package script '/root/neobotix_workspace/src/sush_mapping/install/sush_mapping/share/sush_mapping/package.zsh'
[0.866s] Level 1:colcon.colcon_core.environment:create_file_with_runtime_dependencies(/root/neobotix_workspace/src/sush_mapping/install/sush_mapping/share/colcon-core/packages/sush_mapping)
[0.866s] DEBUG:colcon.colcon_parallel_executor.executor.parallel:closing loop
[0.866s] DEBUG:colcon.colcon_parallel_executor.executor.parallel:loop closed
[0.867s] DEBUG:colcon.colcon_parallel_executor.executor.parallel:run_until_complete finished with '0'
[0.867s] DEBUG:colcon.colcon_core.event_reactor:joining thread
[0.873s] INFO:colcon.colcon_core.plugin_system:Skipping extension 'colcon_notification.desktop_notification.notify_send': Could not find 'notify-send'
[0.873s] INFO:colcon.colcon_core.plugin_system:Skipping extension 'colcon_notification.desktop_notification.terminal_notifier': Not used on non-Darwin systems
[0.873s] INFO:colcon.colcon_core.plugin_system:Skipping extension 'colcon_notification.desktop_notification.win32': Not used on non-Windows systems
[0.873s] INFO:colcon.colcon_notification.desktop_notification:Sending desktop notification using 'notify2'
[0.875s] DEBUG:colcon.colcon_notification.desktop_notification.notify2:Failed to initialize notify2: org.freedesktop.DBus.Error.Spawn.ExecFailed: /usr/bin/dbus-launch terminated abnormally without any error message
[0.875s] DEBUG:colcon.colcon_core.event_reactor:joined thread
[0.876s] INFO:colcon.colcon_core.shell:Creating prefix script '/root/neobotix_workspace/src/sush_mapping/install/local_setup.ps1'
[0.877s] INFO:colcon.colcon_core.shell:Creating prefix util module '/root/neobotix_workspace/src/sush_mapping/install/_local_setup_util_ps1.py'
[0.878s] INFO:colcon.colcon_core.shell:Creating prefix chain script '/root/neobotix_workspace/src/sush_mapping/install/setup.ps1'
[0.879s] INFO:colcon.colcon_core.shell:Creating prefix script '/root/neobotix_workspace/src/sush_mapping/install/local_setup.sh'
[0.879s] INFO:colcon.colcon_core.shell:Creating prefix util module '/root/neobotix_workspace/src/sush_mapping/install/_local_setup_util_sh.py'
[0.880s] INFO:colcon.colcon_core.shell:Creating prefix chain script '/root/neobotix_workspace/src/sush_mapping/install/setup.sh'
[0.881s] INFO:colcon.colcon_core.shell:Creating prefix script '/root/neobotix_workspace/src/sush_mapping/install/local_setup.bash'
[0.881s] INFO:colcon.colcon_core.shell:Creating prefix chain script '/root/neobotix_workspace/src/sush_mapping/install/setup.bash'
[0.882s] INFO:colcon.colcon_core.shell:Creating prefix script '/root/neobotix_workspace/src/sush_mapping/install/local_setup.zsh'
[0.882s] INFO:colcon.colcon_core.shell:Creating prefix chain script '/root/neobotix_workspace/src/sush_mapping/install/setup.zsh'
